[debug] [2026-04-28T13:53:12.757Z] ----------------------------------------------------------------------
[debug] [2026-04-28T13:53:12.759Z] Command:       C:\Program Files\nodejs\node.exe C:\Users\ADITYA\AppData\Roaming\npm\node_modules\firebase-tools\lib\bin\firebase.js init
[debug] [2026-04-28T13:53:12.759Z] CLI Version:   15.15.0
[debug] [2026-04-28T13:53:12.759Z] Platform:      win32
[debug] [2026-04-28T13:53:12.759Z] Node Version:  v24.14.0
[debug] [2026-04-28T13:53:12.759Z] Time:          Tue Apr 28 2026 19:23:12 GMT+0530 (India Standard Time)
[debug] [2026-04-28T13:53:12.759Z] ----------------------------------------------------------------------
[debug] 
[info] 
     ######## #### ########  ######## ########     ###     ######  ########
     ##        ##  ##     ## ##       ##     ##  ##   ##  ##       ##
     ######    ##  ########  ######   ########  #########  ######  ######
     ##        ##  ##    ##  ##       ##     ## ##     ##       ## ##
     ##       #### ##     ## ######## ########  ##     ##  ######  ########

You're about to initialize a Firebase project in this directory:

  D:\Solution challenge\fairlens

[debug] [2026-04-28T13:53:21.530Z] ExitPromptError: User force closed the prompt with SIGINT
    at Interface.sigint (C:\Users\ADITYA\AppData\Roaming\npm\node_modules\firebase-tools\node_modules\@inquirer\core\dist\commonjs\lib\create-prompt.js:101:37)
    at Interface.emit (node:events:508:28)
    at [_ttyWrite] [as _ttyWrite] (node:internal/readline/interface:1327:18)
    at ReadStream.onkeypress (node:internal/readline/interface:284:20)
    at ReadStream.emit (node:events:520:35)
    at emitKeys (node:internal/readline/utils:371:14)
    at emitKeys.next (<anonymous>)
    at ReadStream.onData (node:internal/readline/emitKeypressEvents:64:36)
    at ReadStream.emit (node:events:508:28)
    at addChunk (node:internal/streams/readable:563:12)
[error] 
[error] Error: An unexpected error has occurred.
[debug] [2026-04-28T13:53:24.306Z] ----------------------------------------------------------------------
[debug] [2026-04-28T13:53:24.309Z] Command:       C:\Program Files\nodejs\node.exe C:\Users\ADITYA\AppData\Roaming\npm\node_modules\firebase-tools\lib\bin\firebase.js init
[debug] [2026-04-28T13:53:24.309Z] CLI Version:   15.15.0
[debug] [2026-04-28T13:53:24.309Z] Platform:      win32
[debug] [2026-04-28T13:53:24.309Z] Node Version:  v24.14.0
[debug] [2026-04-28T13:53:24.309Z] Time:          Tue Apr 28 2026 19:23:24 GMT+0530 (India Standard Time)
[debug] [2026-04-28T13:53:24.309Z] ----------------------------------------------------------------------
[debug] 
[info] 
     ######## #### ########  ######## ########     ###     ######  ########
     ##        ##  ##     ## ##       ##     ##  ##   ##  ##       ##
     ######    ##  ########  ######   ########  #########  ######  ######
     ##        ##  ##    ##  ##       ##     ## ##     ##       ## ##
     ##       #### ##     ## ######## ########  ##     ##  ######  ########

You're about to initialize a Firebase project in this directory:

  D:\Solution challenge\fairlens

[info] 
=== Project Setup
[info] 
[info] First, let's associate this project directory with a Firebase project.
[info] You can create multiple project aliases by running firebase use --add, 
[info] 
[debug] [2026-04-28T13:54:13.301Z] > command requires scopes: ["email","openid","https://www.googleapis.com/auth/cloudplatformprojects.readonly","https://www.googleapis.com/auth/firebase","https://www.googleapis.com/auth/cloud-platform"]
[debug] [2026-04-28T13:54:13.301Z] > authorizing via signed-in user (adityasrivastava250106@gmail.com)
[debug] [2026-04-28T13:54:13.303Z] Checked if tokens are valid: false, expires at: 1766911725614
[debug] [2026-04-28T13:54:13.303Z] Checked if tokens are valid: false, expires at: 1766911725614
[debug] [2026-04-28T13:54:13.303Z] > refreshing access token with scopes: []
[debug] [2026-04-28T13:54:13.305Z] >>> [apiv2][query] POST https://www.googleapis.com/oauth2/v3/token [none]
[debug] [2026-04-28T13:54:13.305Z] >>> [apiv2][body] POST https://www.googleapis.com/oauth2/v3/token [omitted]
[debug] [2026-04-28T13:54:13.755Z] <<< [apiv2][status] POST https://www.googleapis.com/oauth2/v3/token 200
[debug] [2026-04-28T13:54:13.756Z] <<< [apiv2][body] POST https://www.googleapis.com/oauth2/v3/token [omitted]
[debug] [2026-04-28T13:54:13.777Z] >>> [apiv2][query] GET https://firebase.googleapis.com/v1beta1/projects pageSize=100
[debug] [2026-04-28T13:54:15.180Z] <<< [apiv2][status] GET https://firebase.googleapis.com/v1beta1/projects 200
[debug] [2026-04-28T13:54:15.181Z] <<< [apiv2][body] GET https://firebase.googleapis.com/v1beta1/projects [omitted]
[info] 
=== Hosting Setup
[info] 
[debug] [2026-04-28T13:54:48.773Z] Checked if tokens are valid: true, expires at: 1777388052756
[debug] [2026-04-28T13:54:48.773Z] Checked if tokens are valid: true, expires at: 1777388052756
[debug] [2026-04-28T13:54:48.773Z] >>> [apiv2][query] GET https://firebase.googleapis.com/v1beta1/projects/fairlens-40fc7 [none]
[debug] [2026-04-28T13:54:49.603Z] <<< [apiv2][status] GET https://firebase.googleapis.com/v1beta1/projects/fairlens-40fc7 200
[debug] [2026-04-28T13:54:49.603Z] <<< [apiv2][body] GET https://firebase.googleapis.com/v1beta1/projects/fairlens-40fc7 {"projectId":"fairlens-40fc7","projectNumber":"571118044114","displayName":"Fairlens","name":"projects/fairlens-40fc7","resources":{"hostingSite":"fairlens-40fc7"},"state":"ACTIVE","etag":"1_5e1f5b18-b799-4b52-b0f3-a824feb99da0"}
[info] 
[info] Your public directory is the folder (relative to your project directory) that
[info] will contain Hosting assets to be uploaded with firebase deploy. If you
[info] have a build process for your assets, use your build's output directory.
[info] 
